<?xml version="1.0" encoding="UTF-8"?>
<!-- Generated by org.testng.reporters.JUnitReportReporter -->
<testsuite hostname="Dell5548" failures="0" tests="1" name="com.ocean.crm.producttest.CreateAndDeleteProductTest" time="12.055" errors="0" timestamp="2025-04-10T17:27:51 IST" skipped="0">
  <testcase classname="com.ocean.crm.producttest.CreateAndDeleteProductTest" name="createAndDeleteProduct" time="12.055"/>
</testsuite> <!-- com.ocean.crm.producttest.CreateAndDeleteProductTest -->
