<?xml version="1.0" encoding="UTF-8"?>
<!-- Generated by org.testng.reporters.JUnitReportReporter -->
<testsuite hostname="Dell5548" failures="0" tests="1" name="com.ocean.crm.organizationtest.CreateOrgWithIndustry" time="11.944" errors="0" timestamp="2025-04-10T17:27:51 IST" skipped="0">
  <testcase classname="com.ocean.crm.organizationtest.CreateOrgWithIndustry" name="createOrgWithIndustry" time="11.944"/>
</testsuite> <!-- com.ocean.crm.organizationtest.CreateOrgWithIndustry -->
