<?xml version="1.0" encoding="UTF-8"?>
<!-- Generated by org.testng.reporters.JUnitReportReporter -->
<testsuite hostname="Dell5548" failures="0" tests="1" name="com.ocean.crm.organizationtest.CreateOrgWithPhone" time="11.601" errors="0" timestamp="2025-04-10T17:27:51 IST" skipped="0">
  <testcase classname="com.ocean.crm.organizationtest.CreateOrgWithPhone" name="createOrgWithPhone" time="11.601"/>
</testsuite> <!-- com.ocean.crm.organizationtest.CreateOrgWithPhone -->
