<?xml version="1.0" encoding="UTF-8"?>
<!-- Generated by org.testng.reporters.JUnitReportReporter -->
<testsuite hostname="Dell5548" failures="0" tests="1" name="com.ocean.crm.organizationtest.CreateOrgAndDeleteTest" time="22.356" errors="0" timestamp="2025-04-14T10:22:02 IST" skipped="0">
  <testcase classname="com.ocean.crm.organizationtest.CreateOrgAndDeleteTest" name="deleteAndVerify" time="22.356"/>
</testsuite> <!-- com.ocean.crm.organizationtest.CreateOrgAndDeleteTest -->
