<?xml version="1.0" encoding="UTF-8"?>
<!-- Generated by org.testng.reporters.JUnitReportReporter -->
<testsuite hostname="Dell5548" failures="0" tests="1" name="miscellaneous.CreateCampaign" time="31.402" errors="0" timestamp="2025-04-16T16:30:38 IST" skipped="0">
  <testcase classname="miscellaneous.CreateCampaign" name="createCampaign" time="31.402"/>
</testsuite> <!-- miscellaneous.CreateCampaign -->
