<?xml version="1.0" encoding="UTF-8"?>
<!-- Generated by org.testng.reporters.JUnitReportReporter -->
<testsuite hostname="Dell5548" failures="0" tests="1" name="com.ocean.crm.troubleticketstest.CreateTroubleTicketTest" time="17.745" errors="0" timestamp="2025-04-29T15:40:46 IST" skipped="0">
  <testcase classname="com.ocean.crm.troubleticketstest.CreateTroubleTicketTest" name="createTicketTest" time="17.745"/>
</testsuite> <!-- com.ocean.crm.troubleticketstest.CreateTroubleTicketTest -->
