<?xml version="1.0" encoding="UTF-8"?>
<!-- Generated by org.testng.reporters.JUnitReportReporter -->
<testsuite hostname="Dell5548" failures="0" tests="1" name="com.ocean.crm.campaigntest.CreateCampaignTest" time="7.973" errors="0" timestamp="2025-04-27T00:02:59 IST" skipped="0">
  <testcase classname="com.ocean.crm.campaigntest.CreateCampaignTest" name="createCampaign" time="7.973"/>
</testsuite> <!-- com.ocean.crm.campaigntest.CreateCampaignTest -->
