<?xml version="1.0" encoding="UTF-8"?>
<!-- Generated by org.testng.reporters.JUnitReportReporter -->
<testsuite hostname="Dell5548" failures="0" tests="1" name="miscellaneous.TestPom" time="10.178" errors="0" timestamp="2025-04-14T12:10:57 IST" skipped="0">
  <testcase classname="miscellaneous.TestPom" name="login" time="10.178"/>
</testsuite> <!-- miscellaneous.TestPom -->
