<?xml version="1.0" encoding="UTF-8"?>
<!-- Generated by org.testng.reporters.JUnitReportReporter -->
<testsuite hostname="Dell5548" failures="0" tests="1" name="com.ocean.crm.organizationtest.CreateOrgTest" time="11.156" errors="0" timestamp="2025-04-30T16:18:41 IST" skipped="0">
  <testcase classname="com.ocean.crm.organizationtest.CreateOrgTest" name="createOrgWithIndustryTest" time="11.156">
    <system-out>
      <![CDATA[Dell_3094 create successfully With industry]]>
    </system-out>
  </testcase> <!-- createOrgWithIndustryTest -->
  <system-out>
    <![CDATA[Dell_3094 create successfully With industry]]>
  </system-out>
</testsuite> <!-- com.ocean.crm.organizationtest.CreateOrgTest -->
